This file contains any messages produced by compilers while
running configure, to aid debugging if configure makes a mistake.

It was created by soccerwindow2 configure 2020.08, which was
generated by GNU Autoconf 2.69.  Invocation command line was

  $ ./configure 

## --------- ##
## Platform. ##
## --------- ##

hostname = ubuntu
uname -m = x86_64
uname -r = 5.8.0-55-generic
uname -s = Linux
uname -v = #62~20.04.1-Ubuntu SMP Wed Jun 2 08:55:04 UTC 2021

/usr/bin/uname -p = x86_64
/bin/uname -X     = unknown

/bin/arch              = x86_64
/usr/bin/arch -k       = unknown
/usr/convex/getsysinfo = unknown
/usr/bin/hostinfo      = unknown
/bin/machine           = unknown
/usr/bin/oslevel       = unknown
/bin/universe          = unknown

PATH: /usr/local/sbin
PATH: /usr/local/bin
PATH: /usr/sbin
PATH: /usr/bin
PATH: /sbin
PATH: /bin
PATH: /snap/bin


## ----------- ##
## Core tests. ##
## ----------- ##

configure:2390: checking for a BSD-compatible install
configure:2458: result: /usr/bin/install -c
configure:2469: checking whether build environment is sane
configure:2524: result: yes
configure:2673: checking for a thread-safe mkdir -p
configure:2712: result: /usr/bin/mkdir -p
configure:2719: checking for gawk
configure:2749: result: no
configure:2719: checking for mawk
configure:2735: found /usr/bin/mawk
configure:2746: result: mawk
configure:2757: checking whether make sets $(MAKE)
configure:2779: result: yes
configure:2808: checking whether make supports nested variables
configure:2825: result: yes
configure:3011: checking for gcc
configure:3027: found /usr/bin/gcc
configure:3038: result: gcc
configure:3267: checking for C compiler version
configure:3276: gcc --version >&5
gcc (Ubuntu 9.3.0-17ubuntu1~20.04) 9.3.0
Copyright (C) 2019 Free Software Foundation, Inc.
This is free software; see the source for copying conditions.  There is NO
warranty; not even for MERCHANTABILITY or FITNESS FOR A PARTICULAR PURPOSE.

configure:3287: $? = 0
configure:3276: gcc -v >&5
Using built-in specs.
COLLECT_GCC=gcc
COLLECT_LTO_WRAPPER=/usr/lib/gcc/x86_64-linux-gnu/9/lto-wrapper
OFFLOAD_TARGET_NAMES=nvptx-none:hsa
OFFLOAD_TARGET_DEFAULT=1
Target: x86_64-linux-gnu
Configured with: ../src/configure -v --with-pkgversion='Ubuntu 9.3.0-17ubuntu1~20.04' --with-bugurl=file:///usr/share/doc/gcc-9/README.Bugs --enable-languages=c,ada,c++,go,brig,d,fortran,objc,obj-c++,gm2 --prefix=/usr --with-gcc-major-version-only --program-suffix=-9 --program-prefix=x86_64-linux-gnu- --enable-shared --enable-linker-build-id --libexecdir=/usr/lib --without-included-gettext --enable-threads=posix --libdir=/usr/lib --enable-nls --enable-clocale=gnu --enable-libstdcxx-debug --enable-libstdcxx-time=yes --with-default-libstdcxx-abi=new --enable-gnu-unique-object --disable-vtable-verify --enable-plugin --enable-default-pie --with-system-zlib --with-target-system-zlib=auto --enable-objc-gc=auto --enable-multiarch --disable-werror --with-arch-32=i686 --with-abi=m64 --with-multilib-list=m32,m64,mx32 --enable-multilib --with-tune=generic --enable-offload-targets=nvptx-none=/build/gcc-9-HskZEa/gcc-9-9.3.0/debian/tmp-nvptx/usr,hsa --without-cuda-driver --enable-checking=release --build=x86_64-linux-gnu --host=x86_64-linux-gnu --target=x86_64-linux-gnu
Thread model: posix
gcc version 9.3.0 (Ubuntu 9.3.0-17ubuntu1~20.04) 
configure:3287: $? = 0
configure:3276: gcc -V >&5
gcc: error: unrecognized command line option '-V'
gcc: fatal error: no input files
compilation terminated.
configure:3287: $? = 1
configure:3276: gcc -qversion >&5
gcc: error: unrecognized command line option '-qversion'; did you mean '--version'?
gcc: fatal error: no input files
compilation terminated.
configure:3287: $? = 1
configure:3307: checking whether the C compiler works
configure:3329: gcc    conftest.c  >&5
configure:3333: $? = 0
configure:3381: result: yes
configure:3384: checking for C compiler default output file name
configure:3386: result: a.out
configure:3392: checking for suffix of executables
configure:3399: gcc -o conftest    conftest.c  >&5
configure:3403: $? = 0
configure:3425: result: 
configure:3447: checking whether we are cross compiling
configure:3455: gcc -o conftest    conftest.c  >&5
configure:3459: $? = 0
configure:3466: ./conftest
configure:3470: $? = 0
configure:3458: result: no
configure:3463: checking for suffix of object files
configure:3485: gcc -c   conftest.c >&5
configure:3489: $? = 0
configure:3510: result: o
configure:3514: checking whether we are using the GNU C compiler
configure:3533: gcc -c   conftest.c >&5
configure:3533: $? = 0
configure:3542: result: yes
configure:3551: checking whether gcc accepts -g
configure:3571: gcc -c -g  conftest.c >&5
configure:3571: $? = 0
configure:3612: result: yes
configure:3629: checking for gcc option to accept ISO C89
configure:3692: gcc  -c -g -O2  conftest.c >&5
configure:3692: $? = 0
configure:3705: result: none needed
configure:3730: checking whether gcc understands -c and -o together
configure:3752: gcc -c conftest.c -o conftest2.o
configure:3755: $? = 0
configure:3752: gcc -c conftest.c -o conftest2.o
configure:3755: $? = 0
configure:3767: result: yes
configure:3787: checking whether make supports the include directive
configure:3802: make -f confmf.GNU && cat confinc.out
this is the am__doit target
configure:3805: $? = 0
configure:3824: result: yes (GNU style)
configure:3849: checking dependency style of gcc
configure:3960: result: gcc3
configure:4033: checking for g++
configure:4049: found /usr/bin/g++
configure:4060: result: g++
configure:4087: checking for C++ compiler version
configure:4096: g++ --version >&5
g++ (Ubuntu 9.3.0-17ubuntu1~20.04) 9.3.0
Copyright (C) 2019 Free Software Foundation, Inc.
This is free software; see the source for copying conditions.  There is NO
warranty; not even for MERCHANTABILITY or FITNESS FOR A PARTICULAR PURPOSE.

configure:4107: $? = 0
configure:4096: g++ -v >&5
Using built-in specs.
COLLECT_GCC=g++
COLLECT_LTO_WRAPPER=/usr/lib/gcc/x86_64-linux-gnu/9/lto-wrapper
OFFLOAD_TARGET_NAMES=nvptx-none:hsa
OFFLOAD_TARGET_DEFAULT=1
Target: x86_64-linux-gnu
Configured with: ../src/configure -v --with-pkgversion='Ubuntu 9.3.0-17ubuntu1~20.04' --with-bugurl=file:///usr/share/doc/gcc-9/README.Bugs --enable-languages=c,ada,c++,go,brig,d,fortran,objc,obj-c++,gm2 --prefix=/usr --with-gcc-major-version-only --program-suffix=-9 --program-prefix=x86_64-linux-gnu- --enable-shared --enable-linker-build-id --libexecdir=/usr/lib --without-included-gettext --enable-threads=posix --libdir=/usr/lib --enable-nls --enable-clocale=gnu --enable-libstdcxx-debug --enable-libstdcxx-time=yes --with-default-libstdcxx-abi=new --enable-gnu-unique-object --disable-vtable-verify --enable-plugin --enable-default-pie --with-system-zlib --with-target-system-zlib=auto --enable-objc-gc=auto --enable-multiarch --disable-werror --with-arch-32=i686 --with-abi=m64 --with-multilib-list=m32,m64,mx32 --enable-multilib --with-tune=generic --enable-offload-targets=nvptx-none=/build/gcc-9-HskZEa/gcc-9-9.3.0/debian/tmp-nvptx/usr,hsa --without-cuda-driver --enable-checking=release --build=x86_64-linux-gnu --host=x86_64-linux-gnu --target=x86_64-linux-gnu
Thread model: posix
gcc version 9.3.0 (Ubuntu 9.3.0-17ubuntu1~20.04) 
configure:4107: $? = 0
configure:4096: g++ -V >&5
g++: error: unrecognized command line option '-V'
g++: fatal error: no input files
compilation terminated.
configure:4107: $? = 1
configure:4096: g++ -qversion >&5
g++: error: unrecognized command line option '-qversion'; did you mean '--version'?
g++: fatal error: no input files
compilation terminated.
configure:4107: $? = 1
configure:4111: checking whether we are using the GNU C++ compiler
configure:4130: g++ -c   conftest.cpp >&5
configure:4130: $? = 0
configure:4139: result: yes
configure:4148: checking whether g++ accepts -g
configure:4168: g++ -c -g  conftest.cpp >&5
configure:4168: $? = 0
configure:4209: result: yes
configure:4234: checking dependency style of g++
configure:4345: result: gcc3
configure:4403: checking for ranlib
configure:4419: found /usr/bin/ranlib
configure:4430: result: ranlib
configure:5632: enabled Qt5
configure:5655: set QT_REQUIRED_VERSION... 5.0.0
configure:5657: set QT_MAJOR_VERSION... 5
configure:5659: set QT_REQUIRED_MODULES... Qt5Core Qt5Gui Qt5Widgets Qt5Network
configure:5670: checking for pkg-config
configure:5688: found /usr/bin/pkg-config
configure:5701: result: /usr/bin/pkg-config
configure:5714: check Qt5Core >= 5.0.0
configure:5718: checking for QT
configure:5725: $PKG_CONFIG --exists --print-errors "$mod >= $QT_REQUIRED_VERSION"
configure:5728: $? = 0
configure:5742: $PKG_CONFIG --exists --print-errors "$mod >= $QT_REQUIRED_VERSION"
configure:5745: $? = 0
configure:5783: result: yes
configure:5714: check Qt5Gui >= 5.0.0
configure:5718: checking for QT
configure:5783: result: yes
configure:5714: check Qt5Widgets >= 5.0.0
configure:5718: checking for QT
configure:5783: result: yes
configure:5714: check Qt5Network >= 5.0.0
configure:5718: checking for QT
configure:5783: result: yes
configure:5797: set QT_CXXFLAGS... -DQT_WIDGETS_LIB -DQT_GUI_LIB -DQT_NETWORK_LIB -DQT_CORE_LIB -I/usr/include/x86_64-linux-gnu/qt5/QtWidgets -I/usr/include/x86_64-linux-gnu/qt5 -I/usr/include/x86_64-linux-gnu/qt5/QtGui -I/usr/include/x86_64-linux-gnu/qt5 -I/usr/include/x86_64-linux-gnu/qt5/QtNetwork -I/usr/include/x86_64-linux-gnu/qt5 -I/usr/include/x86_64-linux-gnu/qt5/QtCore -I/usr/include/x86_64-linux-gnu/qt5
configure:5799: set QT_LDFLAGS... 
configure:5801: set QT_LDADD...  -lQt5Widgets -lQt5Gui -lQt5Network -lQt5Core
configure:5842: set QT_MOC... /usr/bin/moc
configure:5888: checking whether g++ supports C++14 features with -std=c++14
configure:6304: g++ -std=c++14 -c -fPIC -g -O2  conftest.cpp >&5
configure:6304: $? = 0
configure:6313: result: yes
configure:6359: checking build system type
configure:6373: result: x86_64-pc-linux-gnu
configure:6393: checking host system type
configure:6406: result: x86_64-pc-linux-gnu
configure:6563: checking for boostlib >= 1.38.0 (103800)
configure:6595: g++ -std=c++14 -c -fPIC -g -O2  -I/usr/include conftest.cpp >&5
configure:6595: $? = 0
configure:6597: result: yes
configure:6789: checking whether the Boost::System library is available
configure:6814: g++ -std=c++14 -c   -I/usr/include conftest.cpp >&5
configure:6814: $? = 0
configure:6829: result: yes
configure:6844: checking for exit in -lboost_system
configure:6869: g++ -std=c++14 -o conftest -fPIC -g -O2  -I/usr/include  -L/usr/lib/x86_64-linux-gnu conftest.cpp -lboost_system   >&5
conftest.cpp:21:6: warning: declaration of 'char exit()' conflicts with built-in declaration 'void exit(int)' [-Wbuiltin-declaration-mismatch]
   21 | char exit ();
      |      ^~~~
configure:6869: $? = 0
configure:6879: result: yes
configure:7037: checking for cos in -lm
configure:7062: g++ -std=c++14 -o conftest -fPIC -g -O2  -I/usr/include -I/usr/local/include  -L/usr/lib/x86_64-linux-gnu -L/usr/local/lib conftest.cpp -lm   -lboost_system >&5
conftest.cpp:21:6: warning: declaration of 'char cos()' conflicts with built-in declaration 'double cos(double)' [-Wbuiltin-declaration-mismatch]
   21 | char cos ();
      |      ^~~
configure:7062: $? = 0
configure:7071: result: yes
configure:7079: checking for deflate in -lz
configure:7104: g++ -std=c++14 -o conftest -fPIC -g -O2  -I/usr/include -I/usr/local/include  -L/usr/lib/x86_64-linux-gnu -L/usr/local/lib conftest.cpp -lz  -lm  -lboost_system >&5
configure:7104: $? = 0
configure:7113: result: yes
configure:7125: checking for main in -lrcsc
configure:7144: g++ -std=c++14 -o conftest -fPIC -g -O2  -I/usr/include -I/usr/local/include  -L/usr/lib/x86_64-linux-gnu -L/usr/local/lib conftest.cpp -lrcsc  -lz -lm  -lboost_system >&5
configure:7144: $? = 0
configure:7153: result: yes
configure:7164: checking for grep that handles long lines and -e
configure:7222: result: /usr/bin/grep
configure:7227: checking for egrep
configure:7289: result: /usr/bin/grep -E
configure:7294: checking for ANSI C header files
configure:7314: g++ -std=c++14 -c -fPIC -g -O2  -I/usr/include -I/usr/local/include conftest.cpp >&5
configure:7314: $? = 0
./configure: line 7328: -I/usr/include: No such file or directory
configure:7398: result: no
configure:7411: checking for sys/types.h
configure:7411: g++ -std=c++14 -c -fPIC -g -O2  -I/usr/include -I/usr/local/include conftest.cpp >&5
configure:7411: $? = 0
configure:7411: result: yes
configure:7411: checking for sys/stat.h
configure:7411: g++ -std=c++14 -c -fPIC -g -O2  -I/usr/include -I/usr/local/include conftest.cpp >&5
configure:7411: $? = 0
configure:7411: result: yes
configure:7411: checking for stdlib.h
configure:7411: g++ -std=c++14 -c -fPIC -g -O2  -I/usr/include -I/usr/local/include conftest.cpp >&5
configure:7411: $? = 0
configure:7411: result: yes
configure:7411: checking for string.h
configure:7411: g++ -std=c++14 -c -fPIC -g -O2  -I/usr/include -I/usr/local/include conftest.cpp >&5
configure:7411: $? = 0
configure:7411: result: yes
configure:7411: checking for memory.h
configure:7411: g++ -std=c++14 -c -fPIC -g -O2  -I/usr/include -I/usr/local/include conftest.cpp >&5
configure:7411: $? = 0
configure:7411: result: yes
configure:7411: checking for strings.h
configure:7411: g++ -std=c++14 -c -fPIC -g -O2  -I/usr/include -I/usr/local/include conftest.cpp >&5
configure:7411: $? = 0
configure:7411: result: yes
configure:7411: checking for inttypes.h
configure:7411: g++ -std=c++14 -c -fPIC -g -O2  -I/usr/include -I/usr/local/include conftest.cpp >&5
configure:7411: $? = 0
configure:7411: result: yes
configure:7411: checking for stdint.h
configure:7411: g++ -std=c++14 -c -fPIC -g -O2  -I/usr/include -I/usr/local/include conftest.cpp >&5
configure:7411: $? = 0
configure:7411: result: yes
configure:7411: checking for unistd.h
configure:7411: g++ -std=c++14 -c -fPIC -g -O2  -I/usr/include -I/usr/local/include conftest.cpp >&5
configure:7411: $? = 0
configure:7411: result: yes
configure:7425: checking netinet/in.h usability
configure:7425: g++ -std=c++14 -c -fPIC -g -O2  -I/usr/include -I/usr/local/include conftest.cpp >&5
configure:7425: $? = 0
configure:7425: result: yes
configure:7425: checking netinet/in.h presence
configure:7425:   -I/usr/include -I/usr/local/include conftest.cpp
./configure: line 1631: -I/usr/include: No such file or directory
configure:7425: $? = 127
configure: failed program was:
| /* confdefs.h */
| #define PACKAGE_NAME "soccerwindow2"
| #define PACKAGE_TARNAME "soccerwindow2"
| #define PACKAGE_VERSION "2020.08"
| #define PACKAGE_STRING "soccerwindow2 2020.08"
| #define PACKAGE_BUGREPORT "akky@users.sourceforge.jp"
| #define PACKAGE_URL ""
| #define PACKAGE "soccerwindow2"
| #define VERSION "2020.08"
| #define HAVE_CXX14 1
| #define HAVE_BOOST /**/
| #define HAVE_BOOST_SYSTEM /**/
| #define HAVE_LIBZ 1
| #define HAVE_SYS_TYPES_H 1
| #define HAVE_SYS_STAT_H 1
| #define HAVE_STDLIB_H 1
| #define HAVE_STRING_H 1
| #define HAVE_MEMORY_H 1
| #define HAVE_STRINGS_H 1
| #define HAVE_INTTYPES_H 1
| #define HAVE_STDINT_H 1
| #define HAVE_UNISTD_H 1
| /* end confdefs.h.  */
| #include <netinet/in.h>
configure:7425: result: no
configure:7425: WARNING: netinet/in.h: accepted by the compiler, rejected by the preprocessor!
configure:7425: WARNING: netinet/in.h: proceeding with the compiler's result
configure:7425: checking for netinet/in.h
configure:7425: result: yes
configure:7440: checking for stdbool.h that conforms to C99
configure:7507: g++ -std=c++14 -c -fPIC -g -O2  -I/usr/include -I/usr/local/include conftest.cpp >&5
conftest.cpp:28:15: error: expected unqualified-id before string constant
   28 |               "error: bool is not defined"
      |               ^~~~~~~~~~~~~~~~~~~~~~~~~~~~
conftest.cpp:46:48: error: 's' does not name a type
   46 |              struct s { _Bool s: 1; _Bool t; } s;
      |                                                ^
conftest.cpp:56:28: error: 's' was not declared in this scope
   56 |              char i[sizeof s.t];
      |                            ^
conftest.cpp: In function 'int main()':
conftest.cpp:74:24: error: 's' was not declared in this scope
   74 |              bool e = &s;
      |                        ^
conftest.cpp:78:63: error: 'i' was not declared in this scope
   78 |              return (!a + !b + !c + !d + !e + !f + !g + !h + !i + !!j + !k + !!l
      |                                                               ^
configure:7507: $? = 1
configure: failed program was:
| /* confdefs.h */
| #define PACKAGE_NAME "soccerwindow2"
| #define PACKAGE_TARNAME "soccerwindow2"
| #define PACKAGE_VERSION "2020.08"
| #define PACKAGE_STRING "soccerwindow2 2020.08"
| #define PACKAGE_BUGREPORT "akky@users.sourceforge.jp"
| #define PACKAGE_URL ""
| #define PACKAGE "soccerwindow2"
| #define VERSION "2020.08"
| #define HAVE_CXX14 1
| #define HAVE_BOOST /**/
| #define HAVE_BOOST_SYSTEM /**/
| #define HAVE_LIBZ 1
| #define HAVE_SYS_TYPES_H 1
| #define HAVE_SYS_STAT_H 1
| #define HAVE_STDLIB_H 1
| #define HAVE_STRING_H 1
| #define HAVE_MEMORY_H 1
| #define HAVE_STRINGS_H 1
| #define HAVE_INTTYPES_H 1
| #define HAVE_STDINT_H 1
| #define HAVE_UNISTD_H 1
| #define HAVE_NETINET_IN_H 1
| /* end confdefs.h.  */
| 
|              #include <stdbool.h>
|              #ifndef bool
|               "error: bool is not defined"
|              #endif
|              #ifndef false
|               "error: false is not defined"
|              #endif
|              #if false
|               "error: false is not 0"
|              #endif
|              #ifndef true
|               "error: true is not defined"
|              #endif
|              #if true != 1
|               "error: true is not 1"
|              #endif
|              #ifndef __bool_true_false_are_defined
|               "error: __bool_true_false_are_defined is not defined"
|              #endif
| 
|              struct s { _Bool s: 1; _Bool t; } s;
| 
|              char a[true == 1 ? 1 : -1];
|              char b[false == 0 ? 1 : -1];
|              char c[__bool_true_false_are_defined == 1 ? 1 : -1];
|              char d[(bool) 0.5 == true ? 1 : -1];
|              /* See body of main program for 'e'.  */
|              char f[(_Bool) 0.0 == false ? 1 : -1];
|              char g[true];
|              char h[sizeof (_Bool)];
|              char i[sizeof s.t];
|              enum { j = false, k = true, l = false * true, m = true * 256 };
|              /* The following fails for
|                 HP aC++/ANSI C B3910B A.05.55 [Dec 04 2003]. */
|              _Bool n[m];
|              char o[sizeof n == m * sizeof n[0] ? 1 : -1];
|              char p[-1 - (_Bool) 0 < 0 && -1 - (bool) 0 < 0 ? 1 : -1];
|              /* Catch a bug in an HP-UX C compiler.  See
|                 http://gcc.gnu.org/ml/gcc-patches/2003-12/msg02303.html
|                 http://lists.gnu.org/archive/html/bug-coreutils/2005-11/msg00161.html
|               */
|              _Bool q = true;
|              _Bool *pq = &q;
| 
| int
| main ()
| {
| 
|              bool e = &s;
|              *pq |= q;
|              *pq |= ! q;
|              /* Refer to every declared value, to avoid compiler optimizations.  */
|              return (!a + !b + !c + !d + !e + !f + !g + !h + !i + !!j + !k + !!l
|                      + !m + !n + !o + !p + !q + !pq);
| 
|   ;
|   return 0;
| }
configure:7514: result: no
configure:7516: checking for _Bool
configure:7516: g++ -std=c++14 -c -fPIC -g -O2  -I/usr/include -I/usr/local/include conftest.cpp >&5
conftest.cpp: In function 'int main()':
conftest.cpp:61:13: error: '_Bool' was not declared in this scope
   61 | if (sizeof (_Bool))
      |             ^~~~~
configure:7516: $? = 1
configure: failed program was:
| /* confdefs.h */
| #define PACKAGE_NAME "soccerwindow2"
| #define PACKAGE_TARNAME "soccerwindow2"
| #define PACKAGE_VERSION "2020.08"
| #define PACKAGE_STRING "soccerwindow2 2020.08"
| #define PACKAGE_BUGREPORT "akky@users.sourceforge.jp"
| #define PACKAGE_URL ""
| #define PACKAGE "soccerwindow2"
| #define VERSION "2020.08"
| #define HAVE_CXX14 1
| #define HAVE_BOOST /**/
| #define HAVE_BOOST_SYSTEM /**/
| #define HAVE_LIBZ 1
| #define HAVE_SYS_TYPES_H 1
| #define HAVE_SYS_STAT_H 1
| #define HAVE_STDLIB_H 1
| #define HAVE_STRING_H 1
| #define HAVE_MEMORY_H 1
| #define HAVE_STRINGS_H 1
| #define HAVE_INTTYPES_H 1
| #define HAVE_STDINT_H 1
| #define HAVE_UNISTD_H 1
| #define HAVE_NETINET_IN_H 1
| /* end confdefs.h.  */
| #include <stdio.h>
| #ifdef HAVE_SYS_TYPES_H
| # include <sys/types.h>
| #endif
| #ifdef HAVE_SYS_STAT_H
| # include <sys/stat.h>
| #endif
| #ifdef STDC_HEADERS
| # include <stdlib.h>
| # include <stddef.h>
| #else
| # ifdef HAVE_STDLIB_H
| #  include <stdlib.h>
| # endif
| #endif
| #ifdef HAVE_STRING_H
| # if !defined STDC_HEADERS && defined HAVE_MEMORY_H
| #  include <memory.h>
| # endif
| # include <string.h>
| #endif
| #ifdef HAVE_STRINGS_H
| # include <strings.h>
| #endif
| #ifdef HAVE_INTTYPES_H
| # include <inttypes.h>
| #endif
| #ifdef HAVE_STDINT_H
| # include <stdint.h>
| #endif
| #ifdef HAVE_UNISTD_H
| # include <unistd.h>
| #endif
| int
| main ()
| {
| if (sizeof (_Bool))
| 	 return 0;
|   ;
|   return 0;
| }
configure:7516: result: no
configure:7533: checking for an ANSI C-conforming const
configure:7599: g++ -std=c++14 -c -fPIC -g -O2  -I/usr/include -I/usr/local/include conftest.cpp >&5
configure:7599: $? = 0
configure:7606: result: yes
configure:7614: checking for inline
configure:7630: g++ -std=c++14 -c -fPIC -g -O2  -I/usr/include -I/usr/local/include conftest.cpp >&5
configure:7630: $? = 0
configure:7638: result: inline
configure:7656: checking for size_t
configure:7656: g++ -std=c++14 -c -fPIC -g -O2  -I/usr/include -I/usr/local/include conftest.cpp >&5
configure:7656: $? = 0
configure:7656: g++ -std=c++14 -c -fPIC -g -O2  -I/usr/include -I/usr/local/include conftest.cpp >&5
conftest.cpp: In function 'int main()':
conftest.cpp:61:20: error: expected primary-expression before ')' token
   61 | if (sizeof ((size_t)))
      |                    ^
configure:7656: $? = 1
configure: failed program was:
| /* confdefs.h */
| #define PACKAGE_NAME "soccerwindow2"
| #define PACKAGE_TARNAME "soccerwindow2"
| #define PACKAGE_VERSION "2020.08"
| #define PACKAGE_STRING "soccerwindow2 2020.08"
| #define PACKAGE_BUGREPORT "akky@users.sourceforge.jp"
| #define PACKAGE_URL ""
| #define PACKAGE "soccerwindow2"
| #define VERSION "2020.08"
| #define HAVE_CXX14 1
| #define HAVE_BOOST /**/
| #define HAVE_BOOST_SYSTEM /**/
| #define HAVE_LIBZ 1
| #define HAVE_SYS_TYPES_H 1
| #define HAVE_SYS_STAT_H 1
| #define HAVE_STDLIB_H 1
| #define HAVE_STRING_H 1
| #define HAVE_MEMORY_H 1
| #define HAVE_STRINGS_H 1
| #define HAVE_INTTYPES_H 1
| #define HAVE_STDINT_H 1
| #define HAVE_UNISTD_H 1
| #define HAVE_NETINET_IN_H 1
| /* end confdefs.h.  */
| #include <stdio.h>
| #ifdef HAVE_SYS_TYPES_H
| # include <sys/types.h>
| #endif
| #ifdef HAVE_SYS_STAT_H
| # include <sys/stat.h>
| #endif
| #ifdef STDC_HEADERS
| # include <stdlib.h>
| # include <stddef.h>
| #else
| # ifdef HAVE_STDLIB_H
| #  include <stdlib.h>
| # endif
| #endif
| #ifdef HAVE_STRING_H
| # if !defined STDC_HEADERS && defined HAVE_MEMORY_H
| #  include <memory.h>
| # endif
| # include <string.h>
| #endif
| #ifdef HAVE_STRINGS_H
| # include <strings.h>
| #endif
| #ifdef HAVE_INTTYPES_H
| # include <inttypes.h>
| #endif
| #ifdef HAVE_STDINT_H
| # include <stdint.h>
| #endif
| #ifdef HAVE_UNISTD_H
| # include <unistd.h>
| #endif
| int
| main ()
| {
| if (sizeof ((size_t)))
| 	    return 0;
|   ;
|   return 0;
| }
configure:7656: result: yes
configure:7667: checking for pid_t
configure:7667: g++ -std=c++14 -c -fPIC -g -O2  -I/usr/include -I/usr/local/include conftest.cpp >&5
configure:7667: $? = 0
configure:7667: g++ -std=c++14 -c -fPIC -g -O2  -I/usr/include -I/usr/local/include conftest.cpp >&5
conftest.cpp: In function 'int main()':
conftest.cpp:61:19: error: expected primary-expression before ')' token
   61 | if (sizeof ((pid_t)))
      |                   ^
configure:7667: $? = 1
configure: failed program was:
| /* confdefs.h */
| #define PACKAGE_NAME "soccerwindow2"
| #define PACKAGE_TARNAME "soccerwindow2"
| #define PACKAGE_VERSION "2020.08"
| #define PACKAGE_STRING "soccerwindow2 2020.08"
| #define PACKAGE_BUGREPORT "akky@users.sourceforge.jp"
| #define PACKAGE_URL ""
| #define PACKAGE "soccerwindow2"
| #define VERSION "2020.08"
| #define HAVE_CXX14 1
| #define HAVE_BOOST /**/
| #define HAVE_BOOST_SYSTEM /**/
| #define HAVE_LIBZ 1
| #define HAVE_SYS_TYPES_H 1
| #define HAVE_SYS_STAT_H 1
| #define HAVE_STDLIB_H 1
| #define HAVE_STRING_H 1
| #define HAVE_MEMORY_H 1
| #define HAVE_STRINGS_H 1
| #define HAVE_INTTYPES_H 1
| #define HAVE_STDINT_H 1
| #define HAVE_UNISTD_H 1
| #define HAVE_NETINET_IN_H 1
| /* end confdefs.h.  */
| #include <stdio.h>
| #ifdef HAVE_SYS_TYPES_H
| # include <sys/types.h>
| #endif
| #ifdef HAVE_SYS_STAT_H
| # include <sys/stat.h>
| #endif
| #ifdef STDC_HEADERS
| # include <stdlib.h>
| # include <stddef.h>
| #else
| # ifdef HAVE_STDLIB_H
| #  include <stdlib.h>
| # endif
| #endif
| #ifdef HAVE_STRING_H
| # if !defined STDC_HEADERS && defined HAVE_MEMORY_H
| #  include <memory.h>
| # endif
| # include <string.h>
| #endif
| #ifdef HAVE_STRINGS_H
| # include <strings.h>
| #endif
| #ifdef HAVE_INTTYPES_H
| # include <inttypes.h>
| #endif
| #ifdef HAVE_STDINT_H
| # include <stdint.h>
| #endif
| #ifdef HAVE_UNISTD_H
| # include <unistd.h>
| #endif
| int
| main ()
| {
| if (sizeof ((pid_t)))
| 	    return 0;
|   ;
|   return 0;
| }
configure:7667: result: yes
configure:7678: checking whether struct tm is in sys/time.h or time.h
configure:7698: g++ -std=c++14 -c -fPIC -g -O2  -I/usr/include -I/usr/local/include conftest.cpp >&5
configure:7698: $? = 0
configure:7705: result: time.h
configure:7716: checking for ANSI C header files
configure:7820: result: no
configure:7830: checking for strftime
configure:7830: g++ -std=c++14 -o conftest -fPIC -g -O2  -I/usr/include -I/usr/local/include  -L/usr/lib/x86_64-linux-gnu -L/usr/local/lib conftest.cpp -lrcsc -lz -lm  -lboost_system >&5
conftest.cpp:48:6: warning: declaration of 'char strftime()' conflicts with built-in declaration 'long unsigned int strftime(char*, long unsigned int, const char*, const void*)' [-Wbuiltin-declaration-mismatch]
   48 | char strftime ();
      |      ^~~~~~~~
configure:7830: $? = 0
configure:7830: result: yes
configure:7885: checking for vprintf
configure:7885: g++ -std=c++14 -o conftest -fPIC -g -O2  -I/usr/include -I/usr/local/include  -L/usr/lib/x86_64-linux-gnu -L/usr/local/lib conftest.cpp -lrcsc -lz -lm  -lboost_system >&5
conftest.cpp:49:6: warning: declaration of 'char vprintf()' conflicts with built-in declaration 'int vprintf(const char*, __va_list_tag*)' [-Wbuiltin-declaration-mismatch]
   49 | char vprintf ();
      |      ^~~~~~~
configure:7885: $? = 0
configure:7885: result: yes
configure:7891: checking for _doprnt
configure:7891: g++ -std=c++14 -o conftest -fPIC -g -O2  -I/usr/include -I/usr/local/include  -L/usr/lib/x86_64-linux-gnu -L/usr/local/lib conftest.cpp -lrcsc -lz -lm  -lboost_system >&5
/usr/bin/ld: /tmp/ccBysErZ.o: in function `main':
/home/yongdeng/Documents/Robocup2dInstall-master/package/soccerwindow2-develop/conftest.cpp:61: undefined reference to `_doprnt'
collect2: error: ld returned 1 exit status
configure:7891: $? = 1
configure: failed program was:
| /* confdefs.h */
| #define PACKAGE_NAME "soccerwindow2"
| #define PACKAGE_TARNAME "soccerwindow2"
| #define PACKAGE_VERSION "2020.08"
| #define PACKAGE_STRING "soccerwindow2 2020.08"
| #define PACKAGE_BUGREPORT "akky@users.sourceforge.jp"
| #define PACKAGE_URL ""
| #define PACKAGE "soccerwindow2"
| #define VERSION "2020.08"
| #define HAVE_CXX14 1
| #define HAVE_BOOST /**/
| #define HAVE_BOOST_SYSTEM /**/
| #define HAVE_LIBZ 1
| #define HAVE_SYS_TYPES_H 1
| #define HAVE_SYS_STAT_H 1
| #define HAVE_STDLIB_H 1
| #define HAVE_STRING_H 1
| #define HAVE_MEMORY_H 1
| #define HAVE_STRINGS_H 1
| #define HAVE_INTTYPES_H 1
| #define HAVE_STDINT_H 1
| #define HAVE_UNISTD_H 1
| #define HAVE_NETINET_IN_H 1
| #define HAVE_STRFTIME 1
| #define HAVE_VPRINTF 1
| /* end confdefs.h.  */
| /* Define _doprnt to an innocuous variant, in case <limits.h> declares _doprnt.
|    For example, HP-UX 11i <limits.h> declares gettimeofday.  */
| #define _doprnt innocuous__doprnt
| 
| /* System header to define __stub macros and hopefully few prototypes,
|     which can conflict with char _doprnt (); below.
|     Prefer <limits.h> to <assert.h> if __STDC__ is defined, since
|     <limits.h> exists even on freestanding compilers.  */
| 
| #ifdef __STDC__
| # include <limits.h>
| #else
| # include <assert.h>
| #endif
| 
| #undef _doprnt
| 
| /* Override any GCC internal prototype to avoid an error.
|    Use char because int might match the return type of a GCC
|    builtin and then its argument prototype would still apply.  */
| #ifdef __cplusplus
| extern "C"
| #endif
| char _doprnt ();
| /* The GNU C library defines this for functions which it implements
|     to always fail with ENOSYS.  Some functions are actually named
|     something starting with __ and the normal name is an alias.  */
| #if defined __stub__doprnt || defined __stub____doprnt
| choke me
| #endif
| 
| int
| main ()
| {
| return _doprnt ();
|   ;
|   return 0;
| }
configure:7891: result: no
configure:7908: checking for floor
configure:7908: g++ -std=c++14 -o conftest -fPIC -g -O2  -I/usr/include -I/usr/local/include  -L/usr/lib/x86_64-linux-gnu -L/usr/local/lib conftest.cpp -lrcsc -lz -lm  -lboost_system >&5
conftest.cpp:50:6: warning: declaration of 'char floor()' conflicts with built-in declaration 'double floor(double)' [-Wbuiltin-declaration-mismatch]
   50 | char floor ();
      |      ^~~~~
configure:7908: $? = 0
configure:7908: result: yes
configure:7908: checking for memset
configure:7908: g++ -std=c++14 -o conftest -fPIC -g -O2  -I/usr/include -I/usr/local/include  -L/usr/lib/x86_64-linux-gnu -L/usr/local/lib conftest.cpp -lrcsc -lz -lm  -lboost_system >&5
conftest.cpp:51:6: warning: declaration of 'char memset()' conflicts with built-in declaration 'void* memset(void*, int, long unsigned int)' [-Wbuiltin-declaration-mismatch]
   51 | char memset ();
      |      ^~~~~~
configure:7908: $? = 0
configure:7908: result: yes
configure:7908: checking for pow
configure:7908: g++ -std=c++14 -o conftest -fPIC -g -O2  -I/usr/include -I/usr/local/include  -L/usr/lib/x86_64-linux-gnu -L/usr/local/lib conftest.cpp -lrcsc -lz -lm  -lboost_system >&5
conftest.cpp:52:6: warning: declaration of 'char pow()' conflicts with built-in declaration 'double pow(double, double)' [-Wbuiltin-declaration-mismatch]
   52 | char pow ();
      |      ^~~
configure:7908: $? = 0
configure:7908: result: yes
configure:7908: checking for rint
configure:7908: g++ -std=c++14 -o conftest -fPIC -g -O2  -I/usr/include -I/usr/local/include  -L/usr/lib/x86_64-linux-gnu -L/usr/local/lib conftest.cpp -lrcsc -lz -lm  -lboost_system >&5
conftest.cpp:53:6: warning: declaration of 'char rint()' conflicts with built-in declaration 'double rint(double)' [-Wbuiltin-declaration-mismatch]
   53 | char rint ();
      |      ^~~~
configure:7908: $? = 0
configure:7908: result: yes
configure:7908: checking for sqrt
configure:7908: g++ -std=c++14 -o conftest -fPIC -g -O2  -I/usr/include -I/usr/local/include  -L/usr/lib/x86_64-linux-gnu -L/usr/local/lib conftest.cpp -lrcsc -lz -lm  -lboost_system >&5
conftest.cpp:54:6: warning: declaration of 'char sqrt()' conflicts with built-in declaration 'double sqrt(double)' [-Wbuiltin-declaration-mismatch]
   54 | char sqrt ();
      |      ^~~~
configure:7908: $? = 0
configure:7908: result: yes
configure:7908: checking for strtol
configure:7908: g++ -std=c++14 -o conftest -fPIC -g -O2  -I/usr/include -I/usr/local/include  -L/usr/lib/x86_64-linux-gnu -L/usr/local/lib conftest.cpp -lrcsc -lz -lm  -lboost_system >&5
configure:7908: $? = 0
configure:7908: result: yes
configure:7917: checking for rint
configure:7917: result: yes
configure:8078: checking that generated files are newer than configure
configure:8084: result: done
configure:8119: creating ./config.status

## ---------------------- ##
## Running config.status. ##
## ---------------------- ##

This file was extended by soccerwindow2 config.status 2020.08, which was
generated by GNU Autoconf 2.69.  Invocation command line was

  CONFIG_FILES    = 
  CONFIG_HEADERS  = 
  CONFIG_LINKS    = 
  CONFIG_COMMANDS = 
  $ ./config.status 

on ubuntu

config.status:908: creating Doxyfile
config.status:908: creating soccerwindow2.spec
config.status:908: creating Makefile
config.status:908: creating src/sswindow2
config.status:908: creating src/Makefile
config.status:908: creating src/model/Makefile
config.status:908: creating src/qt/Makefile
config.status:908: creating config.h
config.status:1137: executing depfiles commands
config.status:1214: cd src/model       && sed -e '/# am--include-marker/d' Makefile         | make -f - am--depfiles
config.status:1219: $? = 0
config.status:1214: cd src/qt       && sed -e '/# am--include-marker/d' Makefile         | make -f - am--depfiles
config.status:1219: $? = 0

## ---------------- ##
## Cache variables. ##
## ---------------- ##

ac_cv_build=x86_64-pc-linux-gnu
ac_cv_c_compiler_gnu=yes
ac_cv_c_const=yes
ac_cv_c_inline=inline
ac_cv_cxx_compiler_gnu=yes
ac_cv_env_CCC_set=
ac_cv_env_CCC_value=
ac_cv_env_CC_set=
ac_cv_env_CC_value=
ac_cv_env_CFLAGS_set=
ac_cv_env_CFLAGS_value=
ac_cv_env_CPPFLAGS_set=
ac_cv_env_CPPFLAGS_value=
ac_cv_env_CXXCPP_set=
ac_cv_env_CXXCPP_value=
ac_cv_env_CXXFLAGS_set=
ac_cv_env_CXXFLAGS_value=
ac_cv_env_CXX_set=
ac_cv_env_CXX_value=
ac_cv_env_LDFLAGS_set=
ac_cv_env_LDFLAGS_value=
ac_cv_env_LIBS_set=
ac_cv_env_LIBS_value=
ac_cv_env_PKG_CONFIG_LIBDIR_set=
ac_cv_env_PKG_CONFIG_LIBDIR_value=
ac_cv_env_PKG_CONFIG_PATH_set=
ac_cv_env_PKG_CONFIG_PATH_value=
ac_cv_env_PKG_CONFIG_set=
ac_cv_env_PKG_CONFIG_value=
ac_cv_env_QT_CFLAGS_set=
ac_cv_env_QT_CFLAGS_value=
ac_cv_env_QT_LIBS_set=
ac_cv_env_QT_LIBS_value=
ac_cv_env_XMKMF_set=
ac_cv_env_XMKMF_value=
ac_cv_env_build_alias_set=
ac_cv_env_build_alias_value=
ac_cv_env_host_alias_set=
ac_cv_env_host_alias_value=
ac_cv_env_target_alias_set=
ac_cv_env_target_alias_value=
ac_cv_func__doprnt=no
ac_cv_func_floor=yes
ac_cv_func_memset=yes
ac_cv_func_pow=yes
ac_cv_func_rint=yes
ac_cv_func_sqrt=yes
ac_cv_func_strftime=yes
ac_cv_func_strtol=yes
ac_cv_func_vprintf=yes
ac_cv_header_inttypes_h=yes
ac_cv_header_memory_h=yes
ac_cv_header_netinet_in_h=yes
ac_cv_header_stdbool_h=no
ac_cv_header_stdc=no
ac_cv_header_stdint_h=yes
ac_cv_header_stdlib_h=yes
ac_cv_header_string_h=yes
ac_cv_header_strings_h=yes
ac_cv_header_sys_stat_h=yes
ac_cv_header_sys_types_h=yes
ac_cv_header_unistd_h=yes
ac_cv_host=x86_64-pc-linux-gnu
ac_cv_lib_boost_system___exit=yes
ac_cv_lib_m_cos=yes
ac_cv_lib_rcsc_main=yes
ac_cv_lib_z_deflate=yes
ac_cv_objext=o
ac_cv_path_EGREP='/usr/bin/grep -E'
ac_cv_path_GREP=/usr/bin/grep
ac_cv_path_PKG_CONFIG=/usr/bin/pkg-config
ac_cv_path_install='/usr/bin/install -c'
ac_cv_path_mkdir=/usr/bin/mkdir
ac_cv_prog_AWK=mawk
ac_cv_prog_ac_ct_CC=gcc
ac_cv_prog_ac_ct_CXX=g++
ac_cv_prog_ac_ct_RANLIB=ranlib
ac_cv_prog_cc_c89=
ac_cv_prog_cc_g=yes
ac_cv_prog_cxx_g=yes
ac_cv_prog_make_make_set=yes
ac_cv_struct_tm=time.h
ac_cv_type__Bool=no
ac_cv_type_pid_t=yes
ac_cv_type_size_t=yes
am_cv_CC_dependencies_compiler_type=gcc3
am_cv_CXX_dependencies_compiler_type=gcc3
am_cv_make_support_nested_variables=yes
am_cv_prog_cc_c_o=yes
ax_cv_boost_system=yes
ax_cv_cxx_compile_cxx14__std_cpp14=yes
pkg_cv_QT_CFLAGS='-DQT_CORE_LIB -I/usr/include/x86_64-linux-gnu/qt5/QtCore -I/usr/include/x86_64-linux-gnu/qt5'
pkg_cv_QT_LIBS=-lQt5Core

## ----------------- ##
## Output variables. ##
## ----------------- ##

ACLOCAL='${SHELL} /home/yongdeng/Documents/Robocup2dInstall-master/package/soccerwindow2-develop/config/missing aclocal-1.16'
AMDEPBACKSLASH='\'
AMDEP_FALSE='#'
AMDEP_TRUE=''
AMTAR='$${TAR-tar}'
AM_BACKSLASH='\'
AM_DEFAULT_V='$(AM_DEFAULT_VERBOSITY)'
AM_DEFAULT_VERBOSITY='1'
AM_V='$(V)'
AUTOCONF='${SHELL} /home/yongdeng/Documents/Robocup2dInstall-master/package/soccerwindow2-develop/config/missing autoconf'
AUTOHEADER='${SHELL} /home/yongdeng/Documents/Robocup2dInstall-master/package/soccerwindow2-develop/config/missing autoheader'
AUTOMAKE='${SHELL} /home/yongdeng/Documents/Robocup2dInstall-master/package/soccerwindow2-develop/config/missing automake-1.16'
AWK='mawk'
BOOST_CPPFLAGS='-I/usr/include'
BOOST_LDFLAGS='-L/usr/lib/x86_64-linux-gnu'
BOOST_SYSTEM_LIB='-lboost_system'
BUILD_QT_FALSE='#'
BUILD_QT_TRUE=''
CC='gcc'
CCDEPMODE='depmode=gcc3'
CFLAGS='-fPIC -g -O2'
CPPFLAGS=' -I/usr/include -I/usr/local/include'
CXX='g++ -std=c++14'
CXXCPP=''
CXXDEPMODE='depmode=gcc3'
CXXFLAGS='-fPIC -g -O2'
CYGPATH_W='echo'
DEFS='-DHAVE_CONFIG_H'
DEPDIR='.deps'
ECHO_C=''
ECHO_N='-n'
ECHO_T=''
EGREP='/usr/bin/grep -E'
EXEEXT=''
GREP='/usr/bin/grep'
HAVE_CXX14='1'
INSTALL_DATA='${INSTALL} -m 644'
INSTALL_PROGRAM='${INSTALL}'
INSTALL_SCRIPT='${INSTALL}'
INSTALL_STRIP_PROGRAM='$(install_sh) -c -s'
LDFLAGS=' -L/usr/lib/x86_64-linux-gnu -L/usr/local/lib'
LIBOBJS=''
LIBRCSCLIB='/usr/local/lib'
LIBS='-lrcsc -lz -lm  -lboost_system'
LTLIBOBJS=''
MAKEINFO='${SHELL} /home/yongdeng/Documents/Robocup2dInstall-master/package/soccerwindow2-develop/config/missing makeinfo'
MKDIR_P='/usr/bin/mkdir -p'
OBJEXT='o'
PACKAGE='soccerwindow2'
PACKAGE_BUGREPORT='akky@users.sourceforge.jp'
PACKAGE_NAME='soccerwindow2'
PACKAGE_STRING='soccerwindow2 2020.08'
PACKAGE_TARNAME='soccerwindow2'
PACKAGE_URL=''
PACKAGE_VERSION='2020.08'
PATH_SEPARATOR=':'
PKG_CONFIG='/usr/bin/pkg-config'
PKG_CONFIG_LIBDIR=''
PKG_CONFIG_PATH=''
QT_CFLAGS='-DQT_WIDGETS_LIB -DQT_GUI_LIB -DQT_NETWORK_LIB -DQT_CORE_LIB -I/usr/include/x86_64-linux-gnu/qt5/QtWidgets -I/usr/include/x86_64-linux-gnu/qt5 -I/usr/include/x86_64-linux-gnu/qt5/QtGui -I/usr/include/x86_64-linux-gnu/qt5 -I/usr/include/x86_64-linux-gnu/qt5/QtNetwork -I/usr/include/x86_64-linux-gnu/qt5 -I/usr/include/x86_64-linux-gnu/qt5/QtCore -I/usr/include/x86_64-linux-gnu/qt5'
QT_CPPFLAGS=''
QT_CXXFLAGS='-DQT_WIDGETS_LIB -DQT_GUI_LIB -DQT_NETWORK_LIB -DQT_CORE_LIB -I/usr/include/x86_64-linux-gnu/qt5/QtWidgets -I/usr/include/x86_64-linux-gnu/qt5 -I/usr/include/x86_64-linux-gnu/qt5/QtGui -I/usr/include/x86_64-linux-gnu/qt5 -I/usr/include/x86_64-linux-gnu/qt5/QtNetwork -I/usr/include/x86_64-linux-gnu/qt5 -I/usr/include/x86_64-linux-gnu/qt5/QtCore -I/usr/include/x86_64-linux-gnu/qt5'
QT_LDADD=' -lQt5Widgets -lQt5Gui -lQt5Network -lQt5Core'
QT_LDFLAGS=''
QT_LIBS='-lQt5Core'
QT_MOC='/usr/bin/moc'
RANLIB='ranlib'
SET_MAKE=''
SHELL='/bin/bash'
STRIP=''
VERSION='2020.08'
XMKMF=''
X_CFLAGS=''
X_EXTRA_LIBS=''
X_LIBS=''
X_PRE_LIBS=''
ac_ct_CC='gcc'
ac_ct_CXX='g++'
am__EXEEXT_FALSE=''
am__EXEEXT_TRUE='#'
am__fastdepCC_FALSE='#'
am__fastdepCC_TRUE=''
am__fastdepCXX_FALSE='#'
am__fastdepCXX_TRUE=''
am__include='include'
am__isrc=''
am__leading_dot='.'
am__nodep='_no'
am__quote=''
am__tar='$${TAR-tar} chof - "$$tardir"'
am__untar='$${TAR-tar} xf -'
bindir='${exec_prefix}/bin'
build='x86_64-pc-linux-gnu'
build_alias=''
build_cpu='x86_64'
build_os='linux-gnu'
build_vendor='pc'
datadir='${datarootdir}'
datarootdir='${prefix}/share'
docdir='${datarootdir}/doc/${PACKAGE_TARNAME}'
dvidir='${docdir}'
exec_prefix='${prefix}'
host='x86_64-pc-linux-gnu'
host_alias=''
host_cpu='x86_64'
host_os='linux-gnu'
host_vendor='pc'
htmldir='${docdir}'
includedir='${prefix}/include'
infodir='${datarootdir}/info'
install_sh='${SHELL} /home/yongdeng/Documents/Robocup2dInstall-master/package/soccerwindow2-develop/config/install-sh'
libdir='${exec_prefix}/lib'
libexecdir='${exec_prefix}/libexec'
localedir='${datarootdir}/locale'
localstatedir='${prefix}/var'
mandir='${datarootdir}/man'
mkdir_p='$(MKDIR_P)'
oldincludedir='/usr/include'
pdfdir='${docdir}'
prefix='/usr/local'
program_transform_name='s,x,x,'
psdir='${docdir}'
runstatedir='${localstatedir}/run'
sbindir='${exec_prefix}/sbin'
sharedstatedir='${prefix}/com'
sysconfdir='${prefix}/etc'
target_alias=''

## ----------- ##
## confdefs.h. ##
## ----------- ##

/* confdefs.h */
#define PACKAGE_NAME "soccerwindow2"
#define PACKAGE_TARNAME "soccerwindow2"
#define PACKAGE_VERSION "2020.08"
#define PACKAGE_STRING "soccerwindow2 2020.08"
#define PACKAGE_BUGREPORT "akky@users.sourceforge.jp"
#define PACKAGE_URL ""
#define PACKAGE "soccerwindow2"
#define VERSION "2020.08"
#define HAVE_CXX14 1
#define HAVE_BOOST /**/
#define HAVE_BOOST_SYSTEM /**/
#define HAVE_LIBZ 1
#define HAVE_SYS_TYPES_H 1
#define HAVE_SYS_STAT_H 1
#define HAVE_STDLIB_H 1
#define HAVE_STRING_H 1
#define HAVE_MEMORY_H 1
#define HAVE_STRINGS_H 1
#define HAVE_INTTYPES_H 1
#define HAVE_STDINT_H 1
#define HAVE_UNISTD_H 1
#define HAVE_NETINET_IN_H 1
#define HAVE_STRFTIME 1
#define HAVE_VPRINTF 1
#define HAVE_FLOOR 1
#define HAVE_MEMSET 1
#define HAVE_POW 1
#define HAVE_RINT 1
#define HAVE_SQRT 1
#define HAVE_STRTOL 1

configure: exit 0
