This file contains any messages produced by compilers while
running configure, to aid debugging if configure makes a mistake.

It was created by rcssmonitor configure 16.0.0, which was
generated by GNU Autoconf 2.69.  Invocation command line was

  $ ./configure 

## --------- ##
## Platform. ##
## --------- ##

hostname = ubuntu
uname -m = x86_64
uname -r = 5.8.0-55-generic
uname -s = Linux
uname -v = #62~20.04.1-Ubuntu SMP Wed Jun 2 08:55:04 UTC 2021

/usr/bin/uname -p = x86_64
/bin/uname -X     = unknown

/bin/arch              = x86_64
/usr/bin/arch -k       = unknown
/usr/convex/getsysinfo = unknown
/usr/bin/hostinfo      = unknown
/bin/machine           = unknown
/usr/bin/oslevel       = unknown
/bin/universe          = unknown

PATH: /usr/local/sbin
PATH: /usr/local/bin
PATH: /usr/sbin
PATH: /usr/bin
PATH: /sbin
PATH: /bin
PATH: /snap/bin


## ----------- ##
## Core tests. ##
## ----------- ##

configure:2520: checking for a BSD-compatible install
configure:2588: result: /usr/bin/install -c
configure:2599: checking whether build environment is sane
configure:2654: result: yes
configure:2803: checking for a thread-safe mkdir -p
configure:2842: result: /usr/bin/mkdir -p
configure:2849: checking for gawk
configure:2879: result: no
configure:2849: checking for mawk
configure:2865: found /usr/bin/mawk
configure:2876: result: mawk
configure:2887: checking whether make sets $(MAKE)
configure:2909: result: yes
configure:2938: checking whether make supports nested variables
configure:2955: result: yes
configure:3138: checking for gcc
configure:3154: found /usr/bin/gcc
configure:3165: result: gcc
configure:3394: checking for C compiler version
configure:3403: gcc --version >&5
gcc (Ubuntu 9.3.0-17ubuntu1~20.04) 9.3.0
Copyright (C) 2019 Free Software Foundation, Inc.
This is free software; see the source for copying conditions.  There is NO
warranty; not even for MERCHANTABILITY or FITNESS FOR A PARTICULAR PURPOSE.

configure:3414: $? = 0
configure:3403: gcc -v >&5
Using built-in specs.
COLLECT_GCC=gcc
COLLECT_LTO_WRAPPER=/usr/lib/gcc/x86_64-linux-gnu/9/lto-wrapper
OFFLOAD_TARGET_NAMES=nvptx-none:hsa
OFFLOAD_TARGET_DEFAULT=1
Target: x86_64-linux-gnu
Configured with: ../src/configure -v --with-pkgversion='Ubuntu 9.3.0-17ubuntu1~20.04' --with-bugurl=file:///usr/share/doc/gcc-9/README.Bugs --enable-languages=c,ada,c++,go,brig,d,fortran,objc,obj-c++,gm2 --prefix=/usr --with-gcc-major-version-only --program-suffix=-9 --program-prefix=x86_64-linux-gnu- --enable-shared --enable-linker-build-id --libexecdir=/usr/lib --without-included-gettext --enable-threads=posix --libdir=/usr/lib --enable-nls --enable-clocale=gnu --enable-libstdcxx-debug --enable-libstdcxx-time=yes --with-default-libstdcxx-abi=new --enable-gnu-unique-object --disable-vtable-verify --enable-plugin --enable-default-pie --with-system-zlib --with-target-system-zlib=auto --enable-objc-gc=auto --enable-multiarch --disable-werror --with-arch-32=i686 --with-abi=m64 --with-multilib-list=m32,m64,mx32 --enable-multilib --with-tune=generic --enable-offload-targets=nvptx-none=/build/gcc-9-HskZEa/gcc-9-9.3.0/debian/tmp-nvptx/usr,hsa --without-cuda-driver --enable-checking=release --build=x86_64-linux-gnu --host=x86_64-linux-gnu --target=x86_64-linux-gnu
Thread model: posix
gcc version 9.3.0 (Ubuntu 9.3.0-17ubuntu1~20.04) 
configure:3414: $? = 0
configure:3403: gcc -V >&5
gcc: error: unrecognized command line option '-V'
gcc: fatal error: no input files
compilation terminated.
configure:3414: $? = 1
configure:3403: gcc -qversion >&5
gcc: error: unrecognized command line option '-qversion'; did you mean '--version'?
gcc: fatal error: no input files
compilation terminated.
configure:3414: $? = 1
configure:3434: checking whether the C compiler works
configure:3456: gcc    conftest.c  >&5
configure:3460: $? = 0
configure:3508: result: yes
configure:3511: checking for C compiler default output file name
configure:3513: result: a.out
configure:3519: checking for suffix of executables
configure:3526: gcc -o conftest    conftest.c  >&5
configure:3530: $? = 0
configure:3552: result: 
configure:3574: checking whether we are cross compiling
configure:3582: gcc -o conftest    conftest.c  >&5
configure:3586: $? = 0
configure:3593: ./conftest
configure:3597: $? = 0
configure:3585: result: no
configure:3590: checking for suffix of object files
configure:3612: gcc -c   conftest.c >&5
configure:3616: $? = 0
configure:3637: result: o
configure:3641: checking whether we are using the GNU C compiler
configure:3660: gcc -c   conftest.c >&5
configure:3660: $? = 0
configure:3669: result: yes
configure:3678: checking whether gcc accepts -g
configure:3698: gcc -c -g  conftest.c >&5
configure:3698: $? = 0
configure:3739: result: yes
configure:3756: checking for gcc option to accept ISO C89
configure:3819: gcc  -c -g -O2  conftest.c >&5
configure:3819: $? = 0
configure:3832: result: none needed
configure:3857: checking whether gcc understands -c and -o together
configure:3879: gcc -c conftest.c -o conftest2.o
configure:3882: $? = 0
configure:3879: gcc -c conftest.c -o conftest2.o
configure:3882: $? = 0
configure:3894: result: yes
configure:3922: checking for style of include used by make
configure:3950: result: GNU
configure:3976: checking dependency style of gcc
configure:4087: result: gcc3
configure:4107: checking how to run the C preprocessor
configure:4138: gcc -E  conftest.c
configure:4138: $? = 0
configure:4152: gcc -E  conftest.c
conftest.c:11:10: fatal error: ac_nonexistent.h: No such file or directory
   11 | #include <ac_nonexistent.h>
      |          ^~~~~~~~~~~~~~~~~~
compilation terminated.
configure:4152: $? = 1
configure: failed program was:
| /* confdefs.h */
| #define PACKAGE_NAME "rcssmonitor"
| #define PACKAGE_TARNAME "rcssmonitor"
| #define PACKAGE_VERSION "16.0.0"
| #define PACKAGE_STRING "rcssmonitor 16.0.0"
| #define PACKAGE_BUGREPORT "https://github.com/rcsoccersim/rcssmonitor"
| #define PACKAGE_URL ""
| #define PACKAGE "rcssmonitor"
| #define VERSION "16.0.0"
| /* end confdefs.h.  */
| #include <ac_nonexistent.h>
configure:4177: result: gcc -E
configure:4197: gcc -E  conftest.c
configure:4197: $? = 0
configure:4211: gcc -E  conftest.c
conftest.c:11:10: fatal error: ac_nonexistent.h: No such file or directory
   11 | #include <ac_nonexistent.h>
      |          ^~~~~~~~~~~~~~~~~~
compilation terminated.
configure:4211: $? = 1
configure: failed program was:
| /* confdefs.h */
| #define PACKAGE_NAME "rcssmonitor"
| #define PACKAGE_TARNAME "rcssmonitor"
| #define PACKAGE_VERSION "16.0.0"
| #define PACKAGE_STRING "rcssmonitor 16.0.0"
| #define PACKAGE_BUGREPORT "https://github.com/rcsoccersim/rcssmonitor"
| #define PACKAGE_URL ""
| #define PACKAGE "rcssmonitor"
| #define VERSION "16.0.0"
| /* end confdefs.h.  */
| #include <ac_nonexistent.h>
configure:4297: checking for g++
configure:4313: found /usr/bin/g++
configure:4324: result: g++
configure:4351: checking for C++ compiler version
configure:4360: g++ --version >&5
g++ (Ubuntu 9.3.0-17ubuntu1~20.04) 9.3.0
Copyright (C) 2019 Free Software Foundation, Inc.
This is free software; see the source for copying conditions.  There is NO
warranty; not even for MERCHANTABILITY or FITNESS FOR A PARTICULAR PURPOSE.

configure:4371: $? = 0
configure:4360: g++ -v >&5
Using built-in specs.
COLLECT_GCC=g++
COLLECT_LTO_WRAPPER=/usr/lib/gcc/x86_64-linux-gnu/9/lto-wrapper
OFFLOAD_TARGET_NAMES=nvptx-none:hsa
OFFLOAD_TARGET_DEFAULT=1
Target: x86_64-linux-gnu
Configured with: ../src/configure -v --with-pkgversion='Ubuntu 9.3.0-17ubuntu1~20.04' --with-bugurl=file:///usr/share/doc/gcc-9/README.Bugs --enable-languages=c,ada,c++,go,brig,d,fortran,objc,obj-c++,gm2 --prefix=/usr --with-gcc-major-version-only --program-suffix=-9 --program-prefix=x86_64-linux-gnu- --enable-shared --enable-linker-build-id --libexecdir=/usr/lib --without-included-gettext --enable-threads=posix --libdir=/usr/lib --enable-nls --enable-clocale=gnu --enable-libstdcxx-debug --enable-libstdcxx-time=yes --with-default-libstdcxx-abi=new --enable-gnu-unique-object --disable-vtable-verify --enable-plugin --enable-default-pie --with-system-zlib --with-target-system-zlib=auto --enable-objc-gc=auto --enable-multiarch --disable-werror --with-arch-32=i686 --with-abi=m64 --with-multilib-list=m32,m64,mx32 --enable-multilib --with-tune=generic --enable-offload-targets=nvptx-none=/build/gcc-9-HskZEa/gcc-9-9.3.0/debian/tmp-nvptx/usr,hsa --without-cuda-driver --enable-checking=release --build=x86_64-linux-gnu --host=x86_64-linux-gnu --target=x86_64-linux-gnu
Thread model: posix
gcc version 9.3.0 (Ubuntu 9.3.0-17ubuntu1~20.04) 
configure:4371: $? = 0
configure:4360: g++ -V >&5
g++: error: unrecognized command line option '-V'
g++: fatal error: no input files
compilation terminated.
configure:4371: $? = 1
configure:4360: g++ -qversion >&5
g++: error: unrecognized command line option '-qversion'; did you mean '--version'?
g++: fatal error: no input files
compilation terminated.
configure:4371: $? = 1
configure:4375: checking whether we are using the GNU C++ compiler
configure:4394: g++ -c   conftest.cpp >&5
configure:4394: $? = 0
configure:4403: result: yes
configure:4412: checking whether g++ accepts -g
configure:4432: g++ -c -g  conftest.cpp >&5
configure:4432: $? = 0
configure:4473: result: yes
configure:4498: checking dependency style of g++
configure:4609: result: gcc3
configure:4630: checking for cos in -lm
configure:4655: gcc -o conftest -g -O2   conftest.c -lm   >&5
conftest.c:18:6: warning: conflicting types for built-in function 'cos'; expected 'double(double)' [-Wbuiltin-declaration-mismatch]
   18 | char cos ();
      |      ^~~
conftest.c:1:1: note: 'cos' is declared in header '<math.h>'
    1 | /* confdefs.h */
configure:4655: $? = 0
configure:4664: result: yes
configure:4672: checking for deflate in -lz
configure:4697: gcc -o conftest -g -O2   conftest.c -lz  -lm  >&5
configure:4697: $? = 0
configure:4706: result: yes
configure:4723: checking for grep that handles long lines and -e
configure:4781: result: /usr/bin/grep
configure:4786: checking for egrep
configure:4848: result: /usr/bin/grep -E
configure:4853: checking for ANSI C header files
configure:4873: gcc -c -g -O2  conftest.c >&5
configure:4873: $? = 0
configure:4946: gcc -o conftest -g -O2   conftest.c -lz -lm  >&5
configure:4946: $? = 0
configure:4946: ./conftest
configure:4946: $? = 0
configure:4957: result: yes
configure:4970: checking for sys/types.h
configure:4970: gcc -c -g -O2  conftest.c >&5
configure:4970: $? = 0
configure:4970: result: yes
configure:4970: checking for sys/stat.h
configure:4970: gcc -c -g -O2  conftest.c >&5
configure:4970: $? = 0
configure:4970: result: yes
configure:4970: checking for stdlib.h
configure:4970: gcc -c -g -O2  conftest.c >&5
configure:4970: $? = 0
configure:4970: result: yes
configure:4970: checking for string.h
configure:4970: gcc -c -g -O2  conftest.c >&5
configure:4970: $? = 0
configure:4970: result: yes
configure:4970: checking for memory.h
configure:4970: gcc -c -g -O2  conftest.c >&5
configure:4970: $? = 0
configure:4970: result: yes
configure:4970: checking for strings.h
configure:4970: gcc -c -g -O2  conftest.c >&5
configure:4970: $? = 0
configure:4970: result: yes
configure:4970: checking for inttypes.h
configure:4970: gcc -c -g -O2  conftest.c >&5
configure:4970: $? = 0
configure:4970: result: yes
configure:4970: checking for stdint.h
configure:4970: gcc -c -g -O2  conftest.c >&5
configure:4970: $? = 0
configure:4970: result: yes
configure:4970: checking for unistd.h
configure:4970: gcc -c -g -O2  conftest.c >&5
configure:4970: $? = 0
configure:4970: result: yes
configure:4984: checking netinet/in.h usability
configure:4984: gcc -c -g -O2  conftest.c >&5
configure:4984: $? = 0
configure:4984: result: yes
configure:4984: checking netinet/in.h presence
configure:4984: gcc -E  conftest.c
configure:4984: $? = 0
configure:4984: result: yes
configure:4984: checking for netinet/in.h
configure:4984: result: yes
configure:4999: checking for stdbool.h that conforms to C99
configure:5066: gcc -c -g -O2  conftest.c >&5
configure:5066: $? = 0
configure:5073: result: yes
configure:5075: checking for _Bool
configure:5075: gcc -c -g -O2  conftest.c >&5
configure:5075: $? = 0
configure:5075: gcc -c -g -O2  conftest.c >&5
conftest.c: In function 'main':
conftest.c:59:20: error: expected expression before ')' token
   59 | if (sizeof ((_Bool)))
      |                    ^
configure:5075: $? = 1
configure: failed program was:
| /* confdefs.h */
| #define PACKAGE_NAME "rcssmonitor"
| #define PACKAGE_TARNAME "rcssmonitor"
| #define PACKAGE_VERSION "16.0.0"
| #define PACKAGE_STRING "rcssmonitor 16.0.0"
| #define PACKAGE_BUGREPORT "https://github.com/rcsoccersim/rcssmonitor"
| #define PACKAGE_URL ""
| #define PACKAGE "rcssmonitor"
| #define VERSION "16.0.0"
| #define HAVE_LIBZ 1
| #define STDC_HEADERS 1
| #define HAVE_SYS_TYPES_H 1
| #define HAVE_SYS_STAT_H 1
| #define HAVE_STDLIB_H 1
| #define HAVE_STRING_H 1
| #define HAVE_MEMORY_H 1
| #define HAVE_STRINGS_H 1
| #define HAVE_INTTYPES_H 1
| #define HAVE_STDINT_H 1
| #define HAVE_UNISTD_H 1
| #define HAVE_NETINET_IN_H 1
| /* end confdefs.h.  */
| #include <stdio.h>
| #ifdef HAVE_SYS_TYPES_H
| # include <sys/types.h>
| #endif
| #ifdef HAVE_SYS_STAT_H
| # include <sys/stat.h>
| #endif
| #ifdef STDC_HEADERS
| # include <stdlib.h>
| # include <stddef.h>
| #else
| # ifdef HAVE_STDLIB_H
| #  include <stdlib.h>
| # endif
| #endif
| #ifdef HAVE_STRING_H
| # if !defined STDC_HEADERS && defined HAVE_MEMORY_H
| #  include <memory.h>
| # endif
| # include <string.h>
| #endif
| #ifdef HAVE_STRINGS_H
| # include <strings.h>
| #endif
| #ifdef HAVE_INTTYPES_H
| # include <inttypes.h>
| #endif
| #ifdef HAVE_STDINT_H
| # include <stdint.h>
| #endif
| #ifdef HAVE_UNISTD_H
| # include <unistd.h>
| #endif
| int
| main ()
| {
| if (sizeof ((_Bool)))
| 	    return 0;
|   ;
|   return 0;
| }
configure:5075: result: yes
configure:5092: checking for inline
configure:5108: gcc -c -g -O2  conftest.c >&5
configure:5108: $? = 0
configure:5116: result: inline
configure:5134: checking for an ANSI C-conforming const
configure:5200: gcc -c -g -O2  conftest.c >&5
configure:5200: $? = 0
configure:5207: result: yes
configure:5215: checking for int16_t
configure:5215: gcc -c -g -O2  conftest.c >&5
configure:5215: $? = 0
configure:5215: gcc -c -g -O2  conftest.c >&5
conftest.c: In function 'main':
conftest.c:62:12: error: size of array 'test_array' is negative
   62 | static int test_array [1 - 2 * !((int16_t) (((((int16_t) 1 << N) << N) - 1) * 2 + 1)
      |            ^~~~~~~~~~
configure:5215: $? = 1
configure: failed program was:
| /* confdefs.h */
| #define PACKAGE_NAME "rcssmonitor"
| #define PACKAGE_TARNAME "rcssmonitor"
| #define PACKAGE_VERSION "16.0.0"
| #define PACKAGE_STRING "rcssmonitor 16.0.0"
| #define PACKAGE_BUGREPORT "https://github.com/rcsoccersim/rcssmonitor"
| #define PACKAGE_URL ""
| #define PACKAGE "rcssmonitor"
| #define VERSION "16.0.0"
| #define HAVE_LIBZ 1
| #define STDC_HEADERS 1
| #define HAVE_SYS_TYPES_H 1
| #define HAVE_SYS_STAT_H 1
| #define HAVE_STDLIB_H 1
| #define HAVE_STRING_H 1
| #define HAVE_MEMORY_H 1
| #define HAVE_STRINGS_H 1
| #define HAVE_INTTYPES_H 1
| #define HAVE_STDINT_H 1
| #define HAVE_UNISTD_H 1
| #define HAVE_NETINET_IN_H 1
| #define HAVE__BOOL 1
| #define HAVE_STDBOOL_H 1
| /* end confdefs.h.  */
| #include <stdio.h>
| #ifdef HAVE_SYS_TYPES_H
| # include <sys/types.h>
| #endif
| #ifdef HAVE_SYS_STAT_H
| # include <sys/stat.h>
| #endif
| #ifdef STDC_HEADERS
| # include <stdlib.h>
| # include <stddef.h>
| #else
| # ifdef HAVE_STDLIB_H
| #  include <stdlib.h>
| # endif
| #endif
| #ifdef HAVE_STRING_H
| # if !defined STDC_HEADERS && defined HAVE_MEMORY_H
| #  include <memory.h>
| # endif
| # include <string.h>
| #endif
| #ifdef HAVE_STRINGS_H
| # include <strings.h>
| #endif
| #ifdef HAVE_INTTYPES_H
| # include <inttypes.h>
| #endif
| #ifdef HAVE_STDINT_H
| # include <stdint.h>
| #endif
| #ifdef HAVE_UNISTD_H
| # include <unistd.h>
| #endif
| 	        enum { N = 16 / 2 - 1 };
| int
| main ()
| {
| static int test_array [1 - 2 * !((int16_t) (((((int16_t) 1 << N) << N) - 1) * 2 + 1)
| 		 < (int16_t) (((((int16_t) 1 << N) << N) - 1) * 2 + 2))];
| test_array [0] = 0;
| return test_array [0];
| 
|   ;
|   return 0;
| }
configure:5215: result: yes
configure:5226: checking for int32_t
configure:5226: gcc -c -g -O2  conftest.c >&5
configure:5226: $? = 0
configure:5226: gcc -c -g -O2  conftest.c >&5
conftest.c: In function 'main':
conftest.c:63:53: warning: integer overflow in expression of type 'int' results in '-2147483648' [-Woverflow]
   63 |    < (int32_t) (((((int32_t) 1 << N) << N) - 1) * 2 + 2))];
      |                                                     ^
conftest.c:62:12: error: storage size of 'test_array' isn't constant
   62 | static int test_array [1 - 2 * !((int32_t) (((((int32_t) 1 << N) << N) - 1) * 2 + 1)
      |            ^~~~~~~~~~
configure:5226: $? = 1
configure: failed program was:
| /* confdefs.h */
| #define PACKAGE_NAME "rcssmonitor"
| #define PACKAGE_TARNAME "rcssmonitor"
| #define PACKAGE_VERSION "16.0.0"
| #define PACKAGE_STRING "rcssmonitor 16.0.0"
| #define PACKAGE_BUGREPORT "https://github.com/rcsoccersim/rcssmonitor"
| #define PACKAGE_URL ""
| #define PACKAGE "rcssmonitor"
| #define VERSION "16.0.0"
| #define HAVE_LIBZ 1
| #define STDC_HEADERS 1
| #define HAVE_SYS_TYPES_H 1
| #define HAVE_SYS_STAT_H 1
| #define HAVE_STDLIB_H 1
| #define HAVE_STRING_H 1
| #define HAVE_MEMORY_H 1
| #define HAVE_STRINGS_H 1
| #define HAVE_INTTYPES_H 1
| #define HAVE_STDINT_H 1
| #define HAVE_UNISTD_H 1
| #define HAVE_NETINET_IN_H 1
| #define HAVE__BOOL 1
| #define HAVE_STDBOOL_H 1
| /* end confdefs.h.  */
| #include <stdio.h>
| #ifdef HAVE_SYS_TYPES_H
| # include <sys/types.h>
| #endif
| #ifdef HAVE_SYS_STAT_H
| # include <sys/stat.h>
| #endif
| #ifdef STDC_HEADERS
| # include <stdlib.h>
| # include <stddef.h>
| #else
| # ifdef HAVE_STDLIB_H
| #  include <stdlib.h>
| # endif
| #endif
| #ifdef HAVE_STRING_H
| # if !defined STDC_HEADERS && defined HAVE_MEMORY_H
| #  include <memory.h>
| # endif
| # include <string.h>
| #endif
| #ifdef HAVE_STRINGS_H
| # include <strings.h>
| #endif
| #ifdef HAVE_INTTYPES_H
| # include <inttypes.h>
| #endif
| #ifdef HAVE_STDINT_H
| # include <stdint.h>
| #endif
| #ifdef HAVE_UNISTD_H
| # include <unistd.h>
| #endif
| 	        enum { N = 32 / 2 - 1 };
| int
| main ()
| {
| static int test_array [1 - 2 * !((int32_t) (((((int32_t) 1 << N) << N) - 1) * 2 + 1)
| 		 < (int32_t) (((((int32_t) 1 << N) << N) - 1) * 2 + 2))];
| test_array [0] = 0;
| return test_array [0];
| 
|   ;
|   return 0;
| }
configure:5226: result: yes
configure:5237: checking for size_t
configure:5237: gcc -c -g -O2  conftest.c >&5
configure:5237: $? = 0
configure:5237: gcc -c -g -O2  conftest.c >&5
conftest.c: In function 'main':
conftest.c:61:21: error: expected expression before ')' token
   61 | if (sizeof ((size_t)))
      |                     ^
configure:5237: $? = 1
configure: failed program was:
| /* confdefs.h */
| #define PACKAGE_NAME "rcssmonitor"
| #define PACKAGE_TARNAME "rcssmonitor"
| #define PACKAGE_VERSION "16.0.0"
| #define PACKAGE_STRING "rcssmonitor 16.0.0"
| #define PACKAGE_BUGREPORT "https://github.com/rcsoccersim/rcssmonitor"
| #define PACKAGE_URL ""
| #define PACKAGE "rcssmonitor"
| #define VERSION "16.0.0"
| #define HAVE_LIBZ 1
| #define STDC_HEADERS 1
| #define HAVE_SYS_TYPES_H 1
| #define HAVE_SYS_STAT_H 1
| #define HAVE_STDLIB_H 1
| #define HAVE_STRING_H 1
| #define HAVE_MEMORY_H 1
| #define HAVE_STRINGS_H 1
| #define HAVE_INTTYPES_H 1
| #define HAVE_STDINT_H 1
| #define HAVE_UNISTD_H 1
| #define HAVE_NETINET_IN_H 1
| #define HAVE__BOOL 1
| #define HAVE_STDBOOL_H 1
| /* end confdefs.h.  */
| #include <stdio.h>
| #ifdef HAVE_SYS_TYPES_H
| # include <sys/types.h>
| #endif
| #ifdef HAVE_SYS_STAT_H
| # include <sys/stat.h>
| #endif
| #ifdef STDC_HEADERS
| # include <stdlib.h>
| # include <stddef.h>
| #else
| # ifdef HAVE_STDLIB_H
| #  include <stdlib.h>
| # endif
| #endif
| #ifdef HAVE_STRING_H
| # if !defined STDC_HEADERS && defined HAVE_MEMORY_H
| #  include <memory.h>
| # endif
| # include <string.h>
| #endif
| #ifdef HAVE_STRINGS_H
| # include <strings.h>
| #endif
| #ifdef HAVE_INTTYPES_H
| # include <inttypes.h>
| #endif
| #ifdef HAVE_STDINT_H
| # include <stdint.h>
| #endif
| #ifdef HAVE_UNISTD_H
| # include <unistd.h>
| #endif
| int
| main ()
| {
| if (sizeof ((size_t)))
| 	    return 0;
|   ;
|   return 0;
| }
configure:5237: result: yes
configure:5248: checking whether time.h and sys/time.h may both be included
configure:5268: gcc -c -g -O2  conftest.c >&5
configure:5268: $? = 0
configure:5275: result: yes
configure:5283: checking for uint16_t
configure:5283: gcc -c -g -O2  conftest.c >&5
configure:5283: $? = 0
configure:5283: result: yes
configure:5295: checking for uint32_t
configure:5295: gcc -c -g -O2  conftest.c >&5
configure:5295: $? = 0
configure:5295: result: yes
configure:5314: checking for error_at_line
configure:5330: gcc -o conftest -g -O2   conftest.c -lz -lm  >&5
configure:5330: $? = 0
configure:5338: result: yes
configure:5352: checking for memset
configure:5352: gcc -o conftest -g -O2   conftest.c -lz -lm  >&5
conftest.c:49:6: warning: conflicting types for built-in function 'memset'; expected 'void *(void *, int,  long unsigned int)' [-Wbuiltin-declaration-mismatch]
   49 | char memset ();
      |      ^~~~~~
conftest.c:37:1: note: 'memset' is declared in header '<string.h>'
   36 | # include <limits.h>
   37 | #else
configure:5352: $? = 0
configure:5352: result: yes
configure:5352: checking for rint
configure:5352: gcc -o conftest -g -O2   conftest.c -lz -lm  >&5
conftest.c:50:6: warning: conflicting types for built-in function 'rint'; expected 'double(double)' [-Wbuiltin-declaration-mismatch]
   50 | char rint ();
      |      ^~~~
conftest.c:38:1: note: 'rint' is declared in header '<math.h>'
   37 | # include <limits.h>
   38 | #else
configure:5352: $? = 0
configure:5352: result: yes
configure:5352: checking for strtol
configure:5352: gcc -o conftest -g -O2   conftest.c -lz -lm  >&5
configure:5352: $? = 0
configure:5352: result: yes
configure:5352: checking for pow
configure:5352: gcc -o conftest -g -O2   conftest.c -lz -lm  >&5
conftest.c:52:6: warning: conflicting types for built-in function 'pow'; expected 'double(double,  double)' [-Wbuiltin-declaration-mismatch]
   52 | char pow ();
      |      ^~~
conftest.c:40:1: note: 'pow' is declared in header '<math.h>'
   39 | # include <limits.h>
   40 | #else
configure:5352: $? = 0
configure:5352: result: yes
configure:5352: checking for sqrt
configure:5352: gcc -o conftest -g -O2   conftest.c -lz -lm  >&5
conftest.c:53:6: warning: conflicting types for built-in function 'sqrt'; expected 'double(double)' [-Wbuiltin-declaration-mismatch]
   53 | char sqrt ();
      |      ^~~~
conftest.c:41:1: note: 'sqrt' is declared in header '<math.h>'
   40 | # include <limits.h>
   41 | #else
configure:5352: $? = 0
configure:5352: result: yes
configure:5377: enabled Qt5
configure:5390: checking for X
configure:5498: gcc -E  conftest.c
configure:5498: $? = 0
configure:5529: gcc -o conftest -g -O2   conftest.c -lX11 -lz -lm  >&5
configure:5529: $? = 0
configure:5579: result: libraries , headers 
configure:5678: gcc -o conftest -g -O2   conftest.c -lz -lm   -lX11 >&5
configure:5678: $? = 0
configure:5776: checking for gethostbyname
configure:5776: gcc -o conftest -g -O2   conftest.c -lz -lm  >&5
configure:5776: $? = 0
configure:5776: result: yes
configure:5873: checking for connect
configure:5873: gcc -o conftest -g -O2   conftest.c -lz -lm  >&5
configure:5873: $? = 0
configure:5873: result: yes
configure:5922: checking for remove
configure:5922: gcc -o conftest -g -O2   conftest.c -lz -lm  >&5
configure:5922: $? = 0
configure:5922: result: yes
configure:5971: checking for shmat
configure:5971: gcc -o conftest -g -O2   conftest.c -lz -lm  >&5
configure:5971: $? = 0
configure:5971: result: yes
configure:6029: checking for IceConnectionNumber in -lICE
configure:6054: gcc -o conftest -g -O2   conftest.c -lICE  -lz -lm  >&5
configure:6054: $? = 0
configure:6063: result: yes
configure:6127: checking for pkg-config
configure:6145: found /usr/bin/pkg-config
configure:6157: result: /usr/bin/pkg-config
configure:6182: checking pkg-config is at least version 0.9.0
configure:6185: result: yes
configure:6203: set QT_REQUIRED_VERSION... 5.0.0
configure:6205: set QT_MAJOR_VERSION... 5
configure:6207: set QT_REQUIRED_MODULES... Qt5Core Qt5Gui Qt5Widgets Qt5Network
configure:6218: checking for pkg-config
configure:6249: result: /usr/bin/pkg-config
configure:6262: check Qt5Core >= 5.0.0
configure:6266: checking for QT
configure:6273: $PKG_CONFIG --exists --print-errors "$mod >= $QT_REQUIRED_VERSION"
configure:6276: $? = 0
configure:6290: $PKG_CONFIG --exists --print-errors "$mod >= $QT_REQUIRED_VERSION"
configure:6293: $? = 0
configure:6331: result: yes
configure:6262: check Qt5Gui >= 5.0.0
configure:6266: checking for QT
configure:6331: result: yes
configure:6262: check Qt5Widgets >= 5.0.0
configure:6266: checking for QT
configure:6331: result: yes
configure:6262: check Qt5Network >= 5.0.0
configure:6266: checking for QT
configure:6331: result: yes
configure:6345: set QT_CXXFLAGS... -DQT_WIDGETS_LIB -DQT_GUI_LIB -DQT_NETWORK_LIB -DQT_CORE_LIB -I/usr/include/x86_64-linux-gnu/qt5/QtWidgets -I/usr/include/x86_64-linux-gnu/qt5 -I/usr/include/x86_64-linux-gnu/qt5/QtGui -I/usr/include/x86_64-linux-gnu/qt5 -I/usr/include/x86_64-linux-gnu/qt5/QtNetwork -I/usr/include/x86_64-linux-gnu/qt5 -I/usr/include/x86_64-linux-gnu/qt5/QtCore -I/usr/include/x86_64-linux-gnu/qt5
configure:6347: set QT_LDFLAGS... 
configure:6349: set QT_LDADD...  -lQt5Widgets -lQt5Gui -lQt5Network -lQt5Core
configure:6372: checking for moc
configure:6388: found /usr/bin/moc
configure:6399: result: moc
configure:6522: set QT_MOC... moc
configure:6917: checking whether g++ supports C++14 features with -std=c++14
configure:7335: g++ -std=c++14 -c -fPIC -g -O2  conftest.cpp >&5
configure:7335: $? = 0
configure:7344: result: yes
configure:7391: checking build system type
configure:7405: result: x86_64-pc-linux-gnu
configure:7425: checking host system type
configure:7438: result: x86_64-pc-linux-gnu
configure:7597: checking for boostlib >= 1.38.0 (103800)
configure:7629: g++ -std=c++14 -c -fPIC -g -O2  -I/usr/include conftest.cpp >&5
configure:7629: $? = 0
configure:7631: result: yes
configure:7823: checking whether the Boost::System library is available
configure:7848: g++ -std=c++14 -c   -I/usr/include conftest.cpp >&5
configure:7848: $? = 0
configure:7863: result: yes
configure:7878: checking for exit in -lboost_system
configure:7903: gcc -o conftest -fPIC -g -O2  -I/usr/include  -L/usr/lib/x86_64-linux-gnu conftest.c -lboost_system  -lz -lm  >&5
conftest.c:41:6: warning: conflicting types for built-in function 'exit'; expected 'void(int)' [-Wbuiltin-declaration-mismatch]
   41 | char exit ();
      |      ^~~~
conftest.c:1:1: note: 'exit' is declared in header '<stdlib.h>'
    1 | /* confdefs.h */
configure:7903: $? = 0
configure:7913: result: yes
configure:8063: checking whether the Boost::Program_Options library is available
configure:8087: g++ -std=c++14 -c -fPIC -g -O2  -I/usr/include conftest.cpp >&5
configure:8087: $? = 0
configure:8101: result: yes
configure:8112: checking for exit in -lboost_program_options
configure:8137: gcc -o conftest -fPIC -g -O2  -I/usr/include  -L/usr/lib/x86_64-linux-gnu conftest.c -lboost_program_options  -lz -lm  >&5
conftest.c:42:6: warning: conflicting types for built-in function 'exit'; expected 'void(int)' [-Wbuiltin-declaration-mismatch]
   42 | char exit ();
      |      ^~~~
conftest.c:1:1: note: 'exit' is declared in header '<stdlib.h>'
    1 | /* confdefs.h */
configure:8137: $? = 0
configure:8147: result: yes
configure:8365: checking that generated files are newer than configure
configure:8371: result: done
configure:8406: creating ./config.status

## ---------------------- ##
## Running config.status. ##
## ---------------------- ##

This file was extended by rcssmonitor config.status 16.0.0, which was
generated by GNU Autoconf 2.69.  Invocation command line was

  CONFIG_FILES    = 
  CONFIG_HEADERS  = 
  CONFIG_LINKS    = 
  CONFIG_COMMANDS = 
  $ ./config.status 

on ubuntu

config.status:905: creating Makefile
config.status:905: creating src/Makefile
config.status:905: creating config.h
config.status:1134: executing depfiles commands

## ---------------- ##
## Cache variables. ##
## ---------------- ##

ac_cv_build=x86_64-pc-linux-gnu
ac_cv_c_compiler_gnu=yes
ac_cv_c_const=yes
ac_cv_c_inline=inline
ac_cv_c_int16_t=yes
ac_cv_c_int32_t=yes
ac_cv_c_uint16_t=yes
ac_cv_c_uint32_t=yes
ac_cv_cxx_compiler_gnu=yes
ac_cv_env_CCC_set=
ac_cv_env_CCC_value=
ac_cv_env_CC_set=
ac_cv_env_CC_value=
ac_cv_env_CFLAGS_set=
ac_cv_env_CFLAGS_value=
ac_cv_env_CPPFLAGS_set=
ac_cv_env_CPPFLAGS_value=
ac_cv_env_CPP_set=
ac_cv_env_CPP_value=
ac_cv_env_CXXFLAGS_set=
ac_cv_env_CXXFLAGS_value=
ac_cv_env_CXX_set=
ac_cv_env_CXX_value=
ac_cv_env_LDFLAGS_set=
ac_cv_env_LDFLAGS_value=
ac_cv_env_LIBS_set=
ac_cv_env_LIBS_value=
ac_cv_env_PKG_CONFIG_LIBDIR_set=
ac_cv_env_PKG_CONFIG_LIBDIR_value=
ac_cv_env_PKG_CONFIG_PATH_set=
ac_cv_env_PKG_CONFIG_PATH_value=
ac_cv_env_PKG_CONFIG_set=
ac_cv_env_PKG_CONFIG_value=
ac_cv_env_QT_CFLAGS_set=
ac_cv_env_QT_CFLAGS_value=
ac_cv_env_QT_LIBS_set=
ac_cv_env_QT_LIBS_value=
ac_cv_env_XMKMF_set=
ac_cv_env_XMKMF_value=
ac_cv_env_build_alias_set=
ac_cv_env_build_alias_value=
ac_cv_env_host_alias_set=
ac_cv_env_host_alias_value=
ac_cv_env_target_alias_set=
ac_cv_env_target_alias_value=
ac_cv_func_connect=yes
ac_cv_func_gethostbyname=yes
ac_cv_func_memset=yes
ac_cv_func_pow=yes
ac_cv_func_remove=yes
ac_cv_func_rint=yes
ac_cv_func_shmat=yes
ac_cv_func_sqrt=yes
ac_cv_func_strtol=yes
ac_cv_have_x='have_x=yes	ac_x_includes='\'''\''	ac_x_libraries='\'''\'''
ac_cv_header_inttypes_h=yes
ac_cv_header_memory_h=yes
ac_cv_header_netinet_in_h=yes
ac_cv_header_stdbool_h=yes
ac_cv_header_stdc=yes
ac_cv_header_stdint_h=yes
ac_cv_header_stdlib_h=yes
ac_cv_header_string_h=yes
ac_cv_header_strings_h=yes
ac_cv_header_sys_stat_h=yes
ac_cv_header_sys_types_h=yes
ac_cv_header_time=yes
ac_cv_header_unistd_h=yes
ac_cv_host=x86_64-pc-linux-gnu
ac_cv_lib_ICE_IceConnectionNumber=yes
ac_cv_lib_boost_program_options___exit=yes
ac_cv_lib_boost_system___exit=yes
ac_cv_lib_error_at_line=yes
ac_cv_lib_m_cos=yes
ac_cv_lib_z_deflate=yes
ac_cv_objext=o
ac_cv_path_EGREP='/usr/bin/grep -E'
ac_cv_path_GREP=/usr/bin/grep
ac_cv_path_PKG_CONFIG=/usr/bin/pkg-config
ac_cv_path_ac_pt_PKG_CONFIG=/usr/bin/pkg-config
ac_cv_path_install='/usr/bin/install -c'
ac_cv_path_mkdir=/usr/bin/mkdir
ac_cv_prog_AWK=mawk
ac_cv_prog_CPP='gcc -E'
ac_cv_prog_QT_MOC=moc
ac_cv_prog_ac_ct_CC=gcc
ac_cv_prog_ac_ct_CXX=g++
ac_cv_prog_cc_c89=
ac_cv_prog_cc_g=yes
ac_cv_prog_cxx_g=yes
ac_cv_prog_make_make_set=yes
ac_cv_type__Bool=yes
ac_cv_type_size_t=yes
am_cv_CC_dependencies_compiler_type=gcc3
am_cv_CXX_dependencies_compiler_type=gcc3
am_cv_make_support_nested_variables=yes
am_cv_prog_cc_c_o=yes
ax_cv_boost_program_options=yes
ax_cv_boost_system=yes
ax_cv_cxx_compile_cxx14__std_cpp14=yes
pkg_cv_QT_CFLAGS='-DQT_CORE_LIB -I/usr/include/x86_64-linux-gnu/qt5/QtCore -I/usr/include/x86_64-linux-gnu/qt5'
pkg_cv_QT_LIBS=-lQt5Core

## ----------------- ##
## Output variables. ##
## ----------------- ##

ACLOCAL='${SHELL} /home/yongdeng/Documents/Robocup2dInstall-master/package/rcssmonitor-16.0.0/missing aclocal-1.15'
AMDEPBACKSLASH='\'
AMDEP_FALSE='#'
AMDEP_TRUE=''
AMTAR='$${TAR-tar}'
AM_BACKSLASH='\'
AM_DEFAULT_V='$(AM_DEFAULT_VERBOSITY)'
AM_DEFAULT_VERBOSITY='1'
AM_V='$(V)'
AUTOCONF='${SHELL} /home/yongdeng/Documents/Robocup2dInstall-master/package/rcssmonitor-16.0.0/missing autoconf'
AUTOHEADER='${SHELL} /home/yongdeng/Documents/Robocup2dInstall-master/package/rcssmonitor-16.0.0/missing autoheader'
AUTOMAKE='${SHELL} /home/yongdeng/Documents/Robocup2dInstall-master/package/rcssmonitor-16.0.0/missing automake-1.15'
AWK='mawk'
BOOST_CPPFLAGS='-I/usr/include'
BOOST_LDFLAGS='-L/usr/lib/x86_64-linux-gnu'
BOOST_PROGRAM_OPTIONS_LIB='-lboost_program_options'
BOOST_SYSTEM_LIB='-lboost_system'
BUILD_QT_FALSE='#'
BUILD_QT_TRUE=''
CC='gcc'
CCDEPMODE='depmode=gcc3'
CFLAGS='-fPIC -g -O2'
CPP='gcc -E'
CPPFLAGS=' -I/usr/include'
CXX='g++ -std=c++14'
CXXDEPMODE='depmode=gcc3'
CXXFLAGS='-fPIC -g -O2'
CYGPATH_W='echo'
DEFS='-DHAVE_CONFIG_H'
DEPDIR='.deps'
ECHO_C=''
ECHO_N='-n'
ECHO_T=''
EGREP='/usr/bin/grep -E'
EXEEXT=''
GREP='/usr/bin/grep'
HAVE_CXX14='1'
INSTALL_DATA='${INSTALL} -m 644'
INSTALL_PROGRAM='${INSTALL}'
INSTALL_SCRIPT='${INSTALL}'
INSTALL_STRIP_PROGRAM='$(install_sh) -c -s'
LDFLAGS=' -L/usr/lib/x86_64-linux-gnu'
LIBOBJS=''
LIBS='-lz -lm '
LTLIBOBJS=''
MAKEINFO='${SHELL} /home/yongdeng/Documents/Robocup2dInstall-master/package/rcssmonitor-16.0.0/missing makeinfo'
MKDIR_P='/usr/bin/mkdir -p'
OBJEXT='o'
PACKAGE='rcssmonitor'
PACKAGE_BUGREPORT='https://github.com/rcsoccersim/rcssmonitor'
PACKAGE_NAME='rcssmonitor'
PACKAGE_STRING='rcssmonitor 16.0.0'
PACKAGE_TARNAME='rcssmonitor'
PACKAGE_URL=''
PACKAGE_VERSION='16.0.0'
PATH_SEPARATOR=':'
PKG_CONFIG='/usr/bin/pkg-config'
PKG_CONFIG_LIBDIR=''
PKG_CONFIG_PATH=''
QTCHOOSER=''
QT_CFLAGS='-DQT_WIDGETS_LIB -DQT_GUI_LIB -DQT_NETWORK_LIB -DQT_CORE_LIB -I/usr/include/x86_64-linux-gnu/qt5/QtWidgets -I/usr/include/x86_64-linux-gnu/qt5 -I/usr/include/x86_64-linux-gnu/qt5/QtGui -I/usr/include/x86_64-linux-gnu/qt5 -I/usr/include/x86_64-linux-gnu/qt5/QtNetwork -I/usr/include/x86_64-linux-gnu/qt5 -I/usr/include/x86_64-linux-gnu/qt5/QtCore -I/usr/include/x86_64-linux-gnu/qt5'
QT_CPPFLAGS=''
QT_CXXFLAGS='-DQT_WIDGETS_LIB -DQT_GUI_LIB -DQT_NETWORK_LIB -DQT_CORE_LIB -I/usr/include/x86_64-linux-gnu/qt5/QtWidgets -I/usr/include/x86_64-linux-gnu/qt5 -I/usr/include/x86_64-linux-gnu/qt5/QtGui -I/usr/include/x86_64-linux-gnu/qt5 -I/usr/include/x86_64-linux-gnu/qt5/QtNetwork -I/usr/include/x86_64-linux-gnu/qt5 -I/usr/include/x86_64-linux-gnu/qt5/QtCore -I/usr/include/x86_64-linux-gnu/qt5'
QT_LDADD=' -lQt5Widgets -lQt5Gui -lQt5Network -lQt5Core'
QT_LDFLAGS=''
QT_LIBS='-lQt5Core'
QT_MOC='moc'
SET_MAKE=''
SHELL='/bin/bash'
STRIP=''
VERSION='16.0.0'
XMKMF=''
X_CFLAGS=''
X_EXTRA_LIBS=''
X_LIBS=''
X_PRE_LIBS=' -lSM -lICE'
ac_ct_CC='gcc'
ac_ct_CXX='g++'
am__EXEEXT_FALSE=''
am__EXEEXT_TRUE='#'
am__fastdepCC_FALSE='#'
am__fastdepCC_TRUE=''
am__fastdepCXX_FALSE='#'
am__fastdepCXX_TRUE=''
am__include='include'
am__isrc=''
am__leading_dot='.'
am__nodep='_no'
am__quote=''
am__tar='$${TAR-tar} chof - "$$tardir"'
am__untar='$${TAR-tar} xf -'
bindir='${exec_prefix}/bin'
build='x86_64-pc-linux-gnu'
build_alias=''
build_cpu='x86_64'
build_os='linux-gnu'
build_vendor='pc'
datadir='${datarootdir}'
datarootdir='${prefix}/share'
docdir='${datarootdir}/doc/${PACKAGE_TARNAME}'
dvidir='${docdir}'
exec_prefix='${prefix}'
host='x86_64-pc-linux-gnu'
host_alias=''
host_cpu='x86_64'
host_os='linux-gnu'
host_vendor='pc'
htmldir='${docdir}'
includedir='${prefix}/include'
infodir='${datarootdir}/info'
install_sh='${SHELL} /home/yongdeng/Documents/Robocup2dInstall-master/package/rcssmonitor-16.0.0/install-sh'
libdir='${exec_prefix}/lib'
libexecdir='${exec_prefix}/libexec'
localedir='${datarootdir}/locale'
localstatedir='${prefix}/var'
mandir='${datarootdir}/man'
mkdir_p='$(MKDIR_P)'
oldincludedir='/usr/include'
pdfdir='${docdir}'
prefix='/usr/local'
program_transform_name='s,x,x,'
psdir='${docdir}'
runstatedir='${localstatedir}/run'
sbindir='${exec_prefix}/sbin'
sharedstatedir='${prefix}/com'
sysconfdir='${prefix}/etc'
target_alias=''

## ----------- ##
## confdefs.h. ##
## ----------- ##

/* confdefs.h */
#define PACKAGE_NAME "rcssmonitor"
#define PACKAGE_TARNAME "rcssmonitor"
#define PACKAGE_VERSION "16.0.0"
#define PACKAGE_STRING "rcssmonitor 16.0.0"
#define PACKAGE_BUGREPORT "https://github.com/rcsoccersim/rcssmonitor"
#define PACKAGE_URL ""
#define PACKAGE "rcssmonitor"
#define VERSION "16.0.0"
#define HAVE_LIBZ 1
#define STDC_HEADERS 1
#define HAVE_SYS_TYPES_H 1
#define HAVE_SYS_STAT_H 1
#define HAVE_STDLIB_H 1
#define HAVE_STRING_H 1
#define HAVE_MEMORY_H 1
#define HAVE_STRINGS_H 1
#define HAVE_INTTYPES_H 1
#define HAVE_STDINT_H 1
#define HAVE_UNISTD_H 1
#define HAVE_NETINET_IN_H 1
#define HAVE__BOOL 1
#define HAVE_STDBOOL_H 1
#define TIME_WITH_SYS_TIME 1
#define HAVE_MEMSET 1
#define HAVE_RINT 1
#define HAVE_STRTOL 1
#define HAVE_POW 1
#define HAVE_SQRT 1
#define HAVE_CXX14 1
#define HAVE_BOOST /**/
#define HAVE_BOOST_SYSTEM /**/
#define HAVE_BOOST_PROGRAM_OPTIONS /**/

configure: exit 0
